[debug] [2020-05-17T16:16:44.630Z] ----------------------------------------------------------------------
[debug] [2020-05-17T16:16:44.649Z] Command:       /home/bretonio/.nvm/versions/node/v13.6.0/bin/node /home/bretonio/.nvm/versions/node/v13.6.0/bin/firebase deploy
[debug] [2020-05-17T16:16:44.650Z] CLI Version:   8.1.1
[debug] [2020-05-17T16:16:44.650Z] Platform:      linux
[debug] [2020-05-17T16:16:44.650Z] Node Version:  v13.6.0
[debug] [2020-05-17T16:16:44.711Z] Time:          Sun May 17 2020 13:16:44 GMT-0300 (Brasilia Standard Time)
[debug] [2020-05-17T16:16:44.712Z] ----------------------------------------------------------------------
[debug] [2020-05-17T16:16:44.712Z] 
[debug] [2020-05-17T16:16:44.798Z] > command requires scopes: ["email","openid","https://www.googleapis.com/auth/cloudplatformprojects.readonly","https://www.googleapis.com/auth/firebase","https://www.googleapis.com/auth/cloud-platform"]
[debug] [2020-05-17T16:16:44.798Z] > authorizing via signed-in user
[debug] [2020-05-17T16:16:44.799Z] [iam] checking project slipping-slipping-slipping for permissions ["firebase.projects.get","firebasehosting.sites.update"]
[debug] [2020-05-17T16:16:44.802Z] > refreshing access token with scopes: ["email","https://www.googleapis.com/auth/cloud-platform","https://www.googleapis.com/auth/cloudplatformprojects.readonly","https://www.googleapis.com/auth/firebase","openid"]
[debug] [2020-05-17T16:16:44.803Z] >>> HTTP REQUEST POST https://www.googleapis.com/oauth2/v3/token  
 <request body omitted>
[debug] [2020-05-17T16:16:45.050Z] <<< HTTP RESPONSE 200 {"content-type":"application/json; charset=utf-8","vary":"X-Origin, Referer, Origin,Accept-Encoding","date":"Sun, 17 May 2020 16:16:45 GMT","server":"scaffolding on HTTPServer2","cache-control":"private","x-xss-protection":"0","x-frame-options":"SAMEORIGIN","x-content-type-options":"nosniff","alt-svc":"h3-27=\":443\"; ma=2592000,h3-25=\":443\"; ma=2592000,h3-T050=\":443\"; ma=2592000,h3-Q050=\":443\"; ma=2592000,h3-Q049=\":443\"; ma=2592000,h3-Q048=\":443\"; ma=2592000,h3-Q046=\":443\"; ma=2592000,h3-Q043=\":443\"; ma=2592000,quic=\":443\"; ma=2592000; v=\"46,43\"","accept-ranges":"none","transfer-encoding":"chunked"}
[debug] [2020-05-17T16:16:45.126Z] >>> HTTP REQUEST POST https://cloudresourcemanager.googleapis.com/v1/projects/slipping-slipping-slipping:testIamPermissions  
 {"permissions":["firebase.projects.get","firebasehosting.sites.update"]}
[debug] [2020-05-17T16:16:46.106Z] <<< HTTP RESPONSE 200 {"content-type":"application/json; charset=UTF-8","vary":"X-Origin, Referer, Origin,Accept-Encoding","date":"Sun, 17 May 2020 16:16:46 GMT","server":"ESF","cache-control":"private","x-xss-protection":"0","x-frame-options":"SAMEORIGIN","x-content-type-options":"nosniff","server-timing":"gfet4t7; dur=829","alt-svc":"h3-27=\":443\"; ma=2592000,h3-25=\":443\"; ma=2592000,h3-T050=\":443\"; ma=2592000,h3-Q050=\":443\"; ma=2592000,h3-Q049=\":443\"; ma=2592000,h3-Q048=\":443\"; ma=2592000,h3-Q046=\":443\"; ma=2592000,h3-Q043=\":443\"; ma=2592000,quic=\":443\"; ma=2592000; v=\"46,43\"","accept-ranges":"none","transfer-encoding":"chunked"}
[debug] [2020-05-17T16:16:46.108Z] [iam] error while checking permissions, command may fail: FirebaseError: Authorization failed. This account is missing the following required permissions on project slipping-slipping-slipping:

  firebase.projects.get
  firebasehosting.sites.update
[debug] [2020-05-17T16:16:46.110Z] >>> HTTP REQUEST GET https://firebase.googleapis.com/v1beta1/projects/slipping-slipping-slipping  
 
[debug] [2020-05-17T16:16:46.643Z] <<< HTTP RESPONSE 403 {"vary":"X-Origin, Referer, Origin,Accept-Encoding","content-type":"application/json; charset=UTF-8","date":"Sun, 17 May 2020 16:16:46 GMT","server":"ESF","cache-control":"private","x-xss-protection":"0","x-frame-options":"SAMEORIGIN","x-content-type-options":"nosniff","alt-svc":"h3-27=\":443\"; ma=2592000,h3-25=\":443\"; ma=2592000,h3-T050=\":443\"; ma=2592000,h3-Q050=\":443\"; ma=2592000,h3-Q049=\":443\"; ma=2592000,h3-Q048=\":443\"; ma=2592000,h3-Q046=\":443\"; ma=2592000,h3-Q043=\":443\"; ma=2592000,quic=\":443\"; ma=2592000; v=\"46,43\"","accept-ranges":"none","transfer-encoding":"chunked"}
[debug] [2020-05-17T16:16:46.644Z] <<< HTTP RESPONSE BODY {"error":{"code":403,"message":"The caller does not have permission","status":"PERMISSION_DENIED"}}
[debug] [2020-05-17T16:16:46.656Z] HTTP Error: 403, The caller does not have permission
[debug] [2020-05-17T16:16:46.820Z] FirebaseError: HTTP Error: 403, The caller does not have permission
    at module.exports (/home/bretonio/.nvm/versions/node/v13.6.0/lib/node_modules/firebase-tools/lib/responseToError.js:38:12)
    at Request._callback (/home/bretonio/.nvm/versions/node/v13.6.0/lib/node_modules/firebase-tools/lib/api.js:41:35)
    at Request.self.callback (/home/bretonio/.nvm/versions/node/v13.6.0/lib/node_modules/firebase-tools/node_modules/request/request.js:185:22)
    at Request.emit (events.js:321:20)
    at Request.EventEmitter.emit (domain.js:485:12)
    at Request.<anonymous> (/home/bretonio/.nvm/versions/node/v13.6.0/lib/node_modules/firebase-tools/node_modules/request/request.js:1154:10)
    at Request.emit (events.js:321:20)
    at Request.EventEmitter.emit (domain.js:485:12)
    at IncomingMessage.<anonymous> (/home/bretonio/.nvm/versions/node/v13.6.0/lib/node_modules/firebase-tools/node_modules/request/request.js:1076:12)
    at Object.onceWrapper (events.js:427:28)
    at IncomingMessage.emit (events.js:333:22)
    at IncomingMessage.EventEmitter.emit (domain.js:485:12)
    at endReadableNT (_stream_readable.js:1220:12)
    at processTicksAndRejections (internal/process/task_queues.js:84:21)
[error] 
[error] Error: Failed to get Firebase project slipping-slipping-slipping. Please make sure the project exists and your account has permission to access it.
